#
# A fatal error has been detected by the Java Runtime Environment:
#
#  EXCEPTION_ACCESS_VIOLATION (0xc0000005) at pc=0x00007ffa5bc8b913, pid=5292, tid=8900
#
# JRE version: Java(TM) SE Runtime Environment (17.0.6+9) (build 17.0.6+9-LTS-190)
# Java VM: Java HotSpot(TM) 64-Bit Server VM (17.0.6+9-LTS-190, mixed mode, sharing, tiered, compressed oops, compressed class ptrs, g1 gc, windows-amd64)
# Problematic frame:
# V  [jvm.dll+0x21b913]
#
# No core dump will be written. Minidumps are not enabled by default on client versions of Windows
#
# If you would like to submit a bug report, please visit:
#   https://bugreport.java.com/bugreport/crash.jsp
#

---------------  S U M M A R Y ------------

Command Line: -Dfile.encoding=x-windows-949 -Duser.country=KR -Duser.language=ko -Duser.variant com.project.biscuit.BiscuitApplication

Host: 13th Gen Intel(R) Core(TM) i7-13700KF, 24 cores, 31G,  Windows 10 , 64 bit Build 19041 (10.0.19041.3155)
Time: Sat Aug 26 20:25:48 2023  Windows 10 , 64 bit Build 19041 (10.0.19041.3155) elapsed time: 170.388898 seconds (0d 0h 2m 50s)

---------------  T H R E A D  ---------------

Current thread (0x000002ceff2ba1c0):  JavaThread "C2 CompilerThread0" daemon [_thread_in_native, id=8900, stack(0x000000f4f3a00000,0x000000f4f3b00000)]


Current CompileTask:
C2: 170388 10208   !   4       org.apache.tomcat.util.buf.StringCache::toString (601 bytes)

Stack: [0x000000f4f3a00000,0x000000f4f3b00000],  sp=0x000000f4f3afc9e0,  free space=1010k
Native frames: (J=compiled Java code, j=interpreted, Vv=VM code, C=native code)
V  [jvm.dll+0x21b913]
V  [jvm.dll+0x3439cd]
V  [jvm.dll+0x68fbd0]
V  [jvm.dll+0x68baff]
V  [jvm.dll+0x683a76]
V  [jvm.dll+0x6830c0]
V  [jvm.dll+0x680fca]
V  [jvm.dll+0x1a494c]
V  [jvm.dll+0x2a7d4c]
V  [jvm.dll+0x68baa3]
V  [jvm.dll+0x683a76]
V  [jvm.dll+0x6830c0]
V  [jvm.dll+0x680fca]
V  [jvm.dll+0x1a494c]
V  [jvm.dll+0x1a54db]
V  [jvm.dll+0x2a7d4c]
V  [jvm.dll+0x68baa3]
V  [jvm.dll+0x683a76]
V  [jvm.dll+0x6830c0]
V  [jvm.dll+0x680fca]
V  [jvm.dll+0x1a494c]
V  [jvm.dll+0x214dc8]
V  [jvm.dll+0x1a1730]
V  [jvm.dll+0x224b6e]
V  [jvm.dll+0x222f15]
V  [jvm.dll+0x78753c]
V  [jvm.dll+0x781a7a]
V  [jvm.dll+0x672375]
C  [ucrtbase.dll+0x21bb2]
C  [KERNEL32.DLL+0x17614]
C  [ntdll.dll+0x526b1]


siginfo: EXCEPTION_ACCESS_VIOLATION (0xc0000005), reading address 0x000002cea69fe078


Register to memory mapping:

RIP=0x00007ffa5bc8b913 jvm.dll
RAX=0x000002cea69fe070 is an unknown value
RBX=0x000002cea2997be0 points into unknown readable memory: 0x00007ffa5c3cde28 | 28 de 3c 5c fa 7f 00 00
RCX=0x000002cea79ff750 points into unknown readable memory: 0x000002cea69fe070 | 70 e0 9f a6 ce 02 00 00
RDX=0x000000f4f3afec90 is pointing into the stack for thread: 0x000002ceff2ba1c0
RSP=0x000000f4f3afc9e0 is pointing into the stack for thread: 0x000002ceff2ba1c0
RBP=0x000000f4f3afe910 is pointing into the stack for thread: 0x000002ceff2ba1c0
RSI=0x0 is NULL
RDI=0x0000000000000002 is an unknown value
R8 =0x0000000000000011 is an unknown value
R9 =0x000000000000000b is an unknown value
R10=0x00007ffa5c6e0000 VCRUNTIME140.dll
R11=0x00007ffa5c6e15d1 VCRUNTIME140.dll
R12=0x000002cea4b82658 points into unknown readable memory: 0x00007ffa5c3a7f60 | 60 7f 3a 5c fa 7f 00 00
R13=0x000002cea2997be0 points into unknown readable memory: 0x00007ffa5c3cde28 | 28 de 3c 5c fa 7f 00 00
R14=0x0 is NULL
R15=0x000000f4f3afed90 is pointing into the stack for thread: 0x000002ceff2ba1c0


Registers:
RAX=0x000002cea69fe070, RBX=0x000002cea2997be0, RCX=0x000002cea79ff750, RDX=0x000000f4f3afec90
RSP=0x000000f4f3afc9e0, RBP=0x000000f4f3afe910, RSI=0x0000000000000000, RDI=0x0000000000000002
R8 =0x0000000000000011, R9 =0x000000000000000b, R10=0x00007ffa5c6e0000, R11=0x00007ffa5c6e15d1
R12=0x000002cea4b82658, R13=0x000002cea2997be0, R14=0x0000000000000000, R15=0x000000f4f3afed90
RIP=0x00007ffa5bc8b913, EFLAGS=0x0000000000010283

Top of Stack: (sp=0x000000f4f3afc9e0)
0x000000f4f3afc9e0:   000000f4f3afe910 000002ce7fffffff
0x000000f4f3afc9f0:   000000f4f3afe910 00007ffa5bc882df
0x000000f4f3afca00:   000000f4f3afcd10 000002cea7803f60
0x000000f4f3afca10:   000000f4f3afe910 00007ffa5c086ede
0x000000f4f3afca20:   000002cea4b81960 000002cea2997110
0x000000f4f3afca30:   000000000000000b 000002cea4b825f0
0x000000f4f3afca40:   000002cea7803f60 00007ffa5bdb39cd
0x000000f4f3afca50:   000000f4f3afcd10 000000f4f3afcd10
0x000000f4f3afca60:   0000000000000006 0000000000000010
0x000000f4f3afca70:   000000f4f3afcd00 0000000000000050
0x000000f4f3afca80:   00007ffa5ba70000 000000f4f3afcd10
0x000000f4f3afca90:   0000000000000050 000002cea4b00898
0x000000f4f3afcaa0:   000002cea7803f60 00007ffa5c0ffbd0
0x000000f4f3afcab0:   000002cea4b82480 000000f4f3afcd10
0x000000f4f3afcac0:   0000000000000000 000000f4f3afce18
0x000000f4f3afcad0:   0000000000000000 00007ffa5c0c1dbd 

Instructions: (pc=0x00007ffa5bc8b913)
0x00007ffa5bc8b813:   01 01 01 01 01 01 00 00 00 00 01 01 01 01 01 01
0x00007ffa5bc8b823:   01 01 01 01 01 00 00 00 00 01 01 01 01 01 01 01
0x00007ffa5bc8b833:   01 00 00 01 00 00 01 01 01 01 01 01 01 01 01 01
0x00007ffa5bc8b843:   01 01 01 01 00 00 cc cc cc cc cc cc cc 40 55 41
0x00007ffa5bc8b853:   55 41 56 41 57 48 83 ec 48 83 b9 18 01 00 00 00
0x00007ffa5bc8b863:   45 0f b6 f0 4c 8b ea 48 8b e9 0f 84 02 04 00 00
0x00007ffa5bc8b873:   4c 8b fa 49 c1 ff 06 4c 33 fa 41 83 e7 3f 49 83
0x00007ffa5bc8b883:   c7 39 49 c1 e7 04 4c 03 f9 49 39 17 75 1b 49 63
0x00007ffa5bc8b893:   4f 08 48 8b 85 80 03 00 00 48 8b 04 c8 48 83 c4
0x00007ffa5bc8b8a3:   48 41 5f 41 5e 41 5d 5d c3 4d 85 ed 75 17 48 8b
0x00007ffa5bc8b8b3:   81 80 03 00 00 48 8b 40 08 48 83 c4 48 41 5f 41
0x00007ffa5bc8b8c3:   5e 41 5d 5d c3 4c 3b 2d f1 a5 91 00 0f 84 a0 03
0x00007ffa5bc8b8d3:   00 00 48 89 5c 24 78 48 89 b4 24 80 00 00 00 48
0x00007ffa5bc8b8e3:   89 bc 24 88 00 00 00 e8 21 05 00 00 44 8b 85 88
0x00007ffa5bc8b8f3:   03 00 00 33 f6 48 8b d8 8b fe 45 85 c0 7e 2d 48
0x00007ffa5bc8b903:   8d 95 80 03 00 00 48 8b 0a 0f 1f 40 00 48 8b 01
0x00007ffa5bc8b913:   48 39 58 08 74 0d ff c7 48 83 c1 08 41 3b f8 7c
0x00007ffa5bc8b923:   ec eb 09 83 ff 01 0f 85 0b 03 00 00 45 84 f6 74
0x00007ffa5bc8b933:   23 33 c0 48 8b b4 24 80 00 00 00 48 8b 5c 24 78
0x00007ffa5bc8b943:   48 8b bc 24 88 00 00 00 48 83 c4 48 41 5f 41 5e
0x00007ffa5bc8b953:   41 5d 5d c3 48 63 8d 8c 03 00 00 4c 89 64 24 40
0x00007ffa5bc8b963:   44 3b c1 0f 85 f8 00 00 00 48 8b 95 80 03 00 00
0x00007ffa5bc8b973:   8d 04 09 48 8d 3c cd 00 00 00 00 4c 63 c8 4c 8b
0x00007ffa5bc8b983:   f1 49 c1 e1 03 4c 8b c7 89 85 8c 03 00 00 48 8d
0x00007ffa5bc8b993:   8d 38 01 00 00 89 74 24 20 e8 3f eb e8 ff 48 89
0x00007ffa5bc8b9a3:   85 80 03 00 00 4b 8d 04 b6 48 8d 04 c5 00 00 00
0x00007ffa5bc8b9b3:   00 48 8d 48 0f 48 89 44 24 30 48 83 e1 f0 48 8b
0x00007ffa5bc8b9c3:   c1 48 89 4c 24 70 48 f7 d0 48 3b 85 50 01 00 00
0x00007ffa5bc8b9d3:   73 1b 48 8b d1 4c 8d 05 e1 52 69 00 48 8d 8d 38
0x00007ffa5bc8b9e3:   01 00 00 e8 65 f3 e8 ff 48 8b 4c 24 70 4c 8b a5
0x00007ffa5bc8b9f3:   50 01 00 00 49 8d 14 0c 48 3b 95 58 01 00 00 76
0x00007ffa5bc8ba03:   17 48 8b d1 45 33 c0 48 8d 8d 38 01 00 00 e8 ba 


Stack slot to memory mapping:
stack at sp + 0 slots: 0x000000f4f3afe910 is pointing into the stack for thread: 0x000002ceff2ba1c0
stack at sp + 1 slots: 0x000002ce7fffffff is an unknown value
stack at sp + 2 slots: 0x000000f4f3afe910 is pointing into the stack for thread: 0x000002ceff2ba1c0
stack at sp + 3 slots: 0x00007ffa5bc882df jvm.dll
stack at sp + 4 slots: 0x000000f4f3afcd10 is pointing into the stack for thread: 0x000002ceff2ba1c0
stack at sp + 5 slots: 0x000002cea7803f60 points into unknown readable memory: 0x00007ffa5c33eef0 | f0 ee 33 5c fa 7f 00 00
stack at sp + 6 slots: 0x000000f4f3afe910 is pointing into the stack for thread: 0x000002ceff2ba1c0
stack at sp + 7 slots: 0x00007ffa5c086ede jvm.dll


---------------  P R O C E S S  ---------------

Threads class SMR info:
_java_thread_list=0x000002cea7f40fb0, length=33, elements={
0x000002cea15c4b00, 0x000002ceff2a4b60, 0x000002ceff2ce750, 0x000002ceff2b6440,
0x000002ceff2b8d10, 0x000002ceff2b95d0, 0x000002ceff2ba1c0, 0x000002ceff2baac0,
0x000002ceff2c08d0, 0x000002cea1761d40, 0x000002cea1762ef0, 0x000002cea6620770,
0x000002cea6621f80, 0x000002cea6622450, 0x000002cea6622920, 0x000002cea661fdd0,
0x000002cea7f47010, 0x000002cea7f48820, 0x000002cea7f46670, 0x000002cea7f48cf0,
0x000002cea7f44e60, 0x000002cea7f43180, 0x000002cea7f43650, 0x000002cea7f48350,
0x000002cea7f49690, 0x000002cea7f4a9d0, 0x000002cea7f47e80, 0x000002cea7f45800,
0x000002cea7f4a030, 0x000002cea7f474e0, 0x000002cea7f43b20, 0x000002cea7dbff90,
0x000002cea7dc04a0
}

Java Threads: ( => current thread )
  0x000002cea15c4b00 JavaThread "Reference Handler" daemon [_thread_blocked, id=5576, stack(0x000000f4f3400000,0x000000f4f3500000)]
  0x000002ceff2a4b60 JavaThread "Finalizer" daemon [_thread_blocked, id=16352, stack(0x000000f4f3500000,0x000000f4f3600000)]
  0x000002ceff2ce750 JavaThread "Signal Dispatcher" daemon [_thread_blocked, id=18612, stack(0x000000f4f3600000,0x000000f4f3700000)]
  0x000002ceff2b6440 JavaThread "Attach Listener" daemon [_thread_blocked, id=3400, stack(0x000000f4f3700000,0x000000f4f3800000)]
  0x000002ceff2b8d10 JavaThread "Service Thread" daemon [_thread_blocked, id=19900, stack(0x000000f4f3800000,0x000000f4f3900000)]
  0x000002ceff2b95d0 JavaThread "Monitor Deflation Thread" daemon [_thread_blocked, id=1740, stack(0x000000f4f3900000,0x000000f4f3a00000)]
=>0x000002ceff2ba1c0 JavaThread "C2 CompilerThread0" daemon [_thread_in_native, id=8900, stack(0x000000f4f3a00000,0x000000f4f3b00000)]
  0x000002ceff2baac0 JavaThread "C1 CompilerThread0" daemon [_thread_blocked, id=8896, stack(0x000000f4f3b00000,0x000000f4f3c00000)]
  0x000002ceff2c08d0 JavaThread "Sweeper thread" daemon [_thread_blocked, id=19796, stack(0x000000f4f3c00000,0x000000f4f3d00000)]
  0x000002cea1761d40 JavaThread "Notification Thread" daemon [_thread_blocked, id=15568, stack(0x000000f4f4000000,0x000000f4f4100000)]
  0x000002cea1762ef0 JavaThread "Common-Cleaner" daemon [_thread_blocked, id=21716, stack(0x000000f4f4200000,0x000000f4f4300000)]
  0x000002cea6620770 JavaThread "mysql-cj-abandoned-connection-cleanup" daemon [_thread_blocked, id=7804, stack(0x000000f4f6100000,0x000000f4f6200000)]
  0x000002cea6621f80 JavaThread "HikariPool-1 housekeeper" daemon [_thread_blocked, id=4112, stack(0x000000f4f6300000,0x000000f4f6400000)]
  0x000002cea6622450 JavaThread "Catalina-utility-1" [_thread_blocked, id=6468, stack(0x000000f4f6400000,0x000000f4f6500000)]
  0x000002cea6622920 JavaThread "Catalina-utility-2" [_thread_blocked, id=20208, stack(0x000000f4f6500000,0x000000f4f6600000)]
  0x000002cea661fdd0 JavaThread "container-0" [_thread_blocked, id=1748, stack(0x000000f4f6600000,0x000000f4f6700000)]
  0x000002cea7f47010 JavaThread "File Watcher" daemon [_thread_blocked, id=3500, stack(0x000000f4f6800000,0x000000f4f6900000)]
  0x000002cea7f48820 JavaThread "Live Reload Server" daemon [_thread_in_native, id=5228, stack(0x000000f4f6a00000,0x000000f4f6b00000)]
  0x000002cea7f46670 JavaThread "http-nio-8080-exec-1" daemon [_thread_blocked, id=21300, stack(0x000000f4f6900000,0x000000f4f6a00000)]
  0x000002cea7f48cf0 JavaThread "http-nio-8080-exec-2" daemon [_thread_blocked, id=21164, stack(0x000000f4f6b00000,0x000000f4f6c00000)]
  0x000002cea7f44e60 JavaThread "http-nio-8080-exec-3" daemon [_thread_blocked, id=17892, stack(0x000000f4f6c00000,0x000000f4f6d00000)]
  0x000002cea7f43180 JavaThread "http-nio-8080-exec-4" daemon [_thread_blocked, id=3076, stack(0x000000f4f6d00000,0x000000f4f6e00000)]
  0x000002cea7f43650 JavaThread "http-nio-8080-exec-5" daemon [_thread_blocked, id=17248, stack(0x000000f4f6e00000,0x000000f4f6f00000)]
  0x000002cea7f48350 JavaThread "http-nio-8080-exec-6" daemon [_thread_blocked, id=20052, stack(0x000000f4f6f00000,0x000000f4f7000000)]
  0x000002cea7f49690 JavaThread "http-nio-8080-exec-7" daemon [_thread_blocked, id=5664, stack(0x000000f4f7000000,0x000000f4f7100000)]
  0x000002cea7f4a9d0 JavaThread "http-nio-8080-exec-8" daemon [_thread_blocked, id=10832, stack(0x000000f4f7100000,0x000000f4f7200000)]
  0x000002cea7f47e80 JavaThread "http-nio-8080-exec-9" daemon [_thread_blocked, id=21016, stack(0x000000f4f7200000,0x000000f4f7300000)]
  0x000002cea7f45800 JavaThread "http-nio-8080-exec-10" daemon [_thread_blocked, id=3952, stack(0x000000f4f7300000,0x000000f4f7400000)]
  0x000002cea7f4a030 JavaThread "http-nio-8080-Poller" daemon [_thread_in_native, id=22288, stack(0x000000f4f7400000,0x000000f4f7500000)]
  0x000002cea7f474e0 JavaThread "http-nio-8080-Acceptor" daemon [_thread_in_native, id=22052, stack(0x000000f4f7500000,0x000000f4f7600000)]
  0x000002cea7f43b20 JavaThread "DestroyJavaVM" [_thread_blocked, id=312, stack(0x000000f4f2d00000,0x000000f4f2e00000)]
  0x000002cea7dbff90 JavaThread "C1 CompilerThread1" daemon [_thread_blocked, id=5092, stack(0x000000f4f2a00000,0x000000f4f2b00000)]
  0x000002cea7dc04a0 JavaThread "C1 CompilerThread2" daemon [_thread_blocked, id=12104, stack(0x000000f4f2b00000,0x000000f4f2c00000)]

Other Threads:
  0x000002cea15c3010 VMThread "VM Thread" [stack: 0x000000f4f3300000,0x000000f4f3400000] [id=3100]
  0x000002ceff123aa0 WatcherThread [stack: 0x000000f4f4100000,0x000000f4f4200000] [id=22076]
  0x000002cef3a4ca80 GCTaskThread "GC Thread#0" [stack: 0x000000f4f2e00000,0x000000f4f2f00000] [id=11544]
  0x000002cea2bfec50 GCTaskThread "GC Thread#1" [stack: 0x000000f4f4500000,0x000000f4f4600000] [id=14624]
  0x000002cea2fd84b0 GCTaskThread "GC Thread#2" [stack: 0x000000f4f4600000,0x000000f4f4700000] [id=18028]
  0x000002cea2ff9550 GCTaskThread "GC Thread#3" [stack: 0x000000f4f4700000,0x000000f4f4800000] [id=4320]
  0x000002cea2ff9800 GCTaskThread "GC Thread#4" [stack: 0x000000f4f4800000,0x000000f4f4900000] [id=16964]
  0x000002cea2ff9ab0 GCTaskThread "GC Thread#5" [stack: 0x000000f4f4900000,0x000000f4f4a00000] [id=21460]
  0x000002cea2ff9d60 GCTaskThread "GC Thread#6" [stack: 0x000000f4f4a00000,0x000000f4f4b00000] [id=20596]
  0x000002cea2ffa010 GCTaskThread "GC Thread#7" [stack: 0x000000f4f4b00000,0x000000f4f4c00000] [id=20600]
  0x000002cea2ffa2c0 GCTaskThread "GC Thread#8" [stack: 0x000000f4f4c00000,0x000000f4f4d00000] [id=12112]
  0x000002cea2ffa570 GCTaskThread "GC Thread#9" [stack: 0x000000f4f4d00000,0x000000f4f4e00000] [id=3112]
  0x000002cea2ffa820 GCTaskThread "GC Thread#10" [stack: 0x000000f4f4e00000,0x000000f4f4f00000] [id=6688]
  0x000002cea24d2ee0 GCTaskThread "GC Thread#11" [stack: 0x000000f4f4f00000,0x000000f4f5000000] [id=19596]
  0x000002cea332b4a0 GCTaskThread "GC Thread#12" [stack: 0x000000f4f5300000,0x000000f4f5400000] [id=19984]
  0x000002cea332c210 GCTaskThread "GC Thread#13" [stack: 0x000000f4f5400000,0x000000f4f5500000] [id=19176]
  0x000002cea491bb60 GCTaskThread "GC Thread#14" [stack: 0x000000f4f5900000,0x000000f4f5a00000] [id=21812]
  0x000002cea491be10 GCTaskThread "GC Thread#15" [stack: 0x000000f4f5a00000,0x000000f4f5b00000] [id=21108]
  0x000002cea491c620 GCTaskThread "GC Thread#16" [stack: 0x000000f4f5b00000,0x000000f4f5c00000] [id=20412]
  0x000002cea666fbd0 GCTaskThread "GC Thread#17" [stack: 0x000000f4f5d00000,0x000000f4f5e00000] [id=22524]
  0x000002cef39ba590 ConcurrentGCThread "G1 Main Marker" [stack: 0x000000f4f2f00000,0x000000f4f3000000] [id=19892]
  0x000002ceff0d1830 ConcurrentGCThread "G1 Conc#0" [stack: 0x000000f4f3000000,0x000000f4f3100000] [id=8816]
  0x000002cea332c4c0 ConcurrentGCThread "G1 Conc#1" [stack: 0x000000f4f5200000,0x000000f4f5300000] [id=19724]
  0x000002cea332a9e0 ConcurrentGCThread "G1 Conc#2" [stack: 0x000000f4f5500000,0x000000f4f5600000] [id=15608]
  0x000002cea491cb80 ConcurrentGCThread "G1 Conc#3" [stack: 0x000000f4f5600000,0x000000f4f5700000] [id=20264]
  0x000002cea491ce30 ConcurrentGCThread "G1 Conc#4" [stack: 0x000000f4f5700000,0x000000f4f5800000] [id=8340]
  0x000002ceff1d5420 ConcurrentGCThread "G1 Refine#0" [stack: 0x000000f4f3100000,0x000000f4f3200000] [id=20620]
  0x000002ceff1d5d50 ConcurrentGCThread "G1 Service" [stack: 0x000000f4f3200000,0x000000f4f3300000] [id=5692]

Threads with active compile tasks:
C2 CompilerThread0   170406 10208   !   4       org.apache.tomcat.util.buf.StringCache::toString (601 bytes)

VM state: not at safepoint (normal execution)

VM Mutex/Monitor currently owned by a thread: None

Heap address: 0x0000000602c00000, size: 8148 MB, Compressed Oops mode: Zero based, Oop shift amount: 3

CDS archive(s) mapped at: [0x0000000800000000-0x0000000800bd0000-0x0000000800bd0000), size 12386304, SharedBaseAddress: 0x0000000800000000, ArchiveRelocationMode: 0.
Compressed class space mapped at: 0x0000000800c00000-0x0000000840c00000, reserved size: 1073741824
Narrow klass base: 0x0000000800000000, Narrow klass shift: 0, Narrow klass range: 0x100000000

GC Precious Log:
 CPUs: 24 total, 24 available
 Memory: 32580M
 Large Page Support: Disabled
 NUMA Support: Disabled
 Compressed Oops: Enabled (Zero based)
 Heap Region Size: 4M
 Heap Min Capacity: 8M
 Heap Initial Capacity: 512M
 Heap Max Capacity: 8148M
 Pre-touch: Disabled
 Parallel Workers: 18
 Concurrent Workers: 5
 Concurrent Refinement Workers: 18
 Periodic GC: Disabled

Heap:
 garbage-first heap   total 303104K, used 199831K [0x0000000602c00000, 0x0000000800000000)
  region size 4096K, 42 young (172032K), 1 survivors (4096K)
 Metaspace       used 75329K, committed 76032K, reserved 1122304K
  class space    used 10163K, committed 10496K, reserved 1048576K

Heap Regions: E=young(eden), S=young(survivor), O=old, HS=humongous(starts), HC=humongous(continues), CS=collection set, F=free, OA=open archive, CA=closed archive, TAMS=top-at-mark-start (previous, next)
|   0|0x0000000602c00000, 0x0000000603000000, 0x0000000603000000|100%| O|  |TAMS 0x0000000603000000, 0x0000000602c00000| Untracked 
|   1|0x0000000603000000, 0x00000006033a9c00, 0x0000000603400000| 91%| O|  |TAMS 0x00000006033a9c00, 0x0000000603000000| Untracked 
|   2|0x0000000603400000, 0x0000000603800000, 0x0000000603800000|100%| O|  |TAMS 0x0000000603800000, 0x0000000603400000| Untracked 
|   3|0x0000000603800000, 0x0000000603913200, 0x0000000603c00000| 26%| O|  |TAMS 0x0000000603800000, 0x0000000603800000| Untracked 
|   4|0x0000000603c00000, 0x0000000604000000, 0x0000000604000000|100%| O|  |TAMS 0x0000000604000000, 0x0000000603c00000| Untracked 
|   5|0x0000000604000000, 0x0000000604400000, 0x0000000604400000|100%| O|  |TAMS 0x0000000604400000, 0x0000000604000000| Untracked 
|   6|0x0000000604400000, 0x0000000604800000, 0x0000000604800000|100%| O|  |TAMS 0x0000000604800000, 0x0000000604400000| Untracked 
|   7|0x0000000604800000, 0x0000000604c00000, 0x0000000604c00000|100%| O|  |TAMS 0x0000000604c00000, 0x0000000604800000| Untracked 
|   8|0x0000000604c00000, 0x0000000605000000, 0x0000000605000000|100%| O|  |TAMS 0x0000000604e1ce00, 0x0000000604c00000| Untracked 
|   9|0x0000000605000000, 0x0000000605000000, 0x0000000605400000|  0%| F|  |TAMS 0x0000000605000000, 0x0000000605000000| Untracked 
|  10|0x0000000605400000, 0x0000000605669070, 0x0000000605800000| 60%| S|CS|TAMS 0x0000000605400000, 0x0000000605400000| Complete 
|  11|0x0000000605800000, 0x0000000605800000, 0x0000000605c00000|  0%| F|  |TAMS 0x0000000605800000, 0x0000000605800000| Untracked 
|  12|0x0000000605c00000, 0x0000000605c00000, 0x0000000606000000|  0%| F|  |TAMS 0x0000000605c00000, 0x0000000605c00000| Untracked 
|  13|0x0000000606000000, 0x0000000606000000, 0x0000000606400000|  0%| F|  |TAMS 0x0000000606000000, 0x0000000606000000| Untracked 
|  14|0x0000000606400000, 0x0000000606400000, 0x0000000606800000|  0%| F|  |TAMS 0x0000000606400000, 0x0000000606400000| Untracked 
|  15|0x0000000606800000, 0x0000000606800000, 0x0000000606c00000|  0%| F|  |TAMS 0x0000000606800000, 0x0000000606800000| Untracked 
|  16|0x0000000606c00000, 0x0000000606c00000, 0x0000000607000000|  0%| F|  |TAMS 0x0000000606c00000, 0x0000000606c00000| Untracked 
|  17|0x0000000607000000, 0x0000000607000000, 0x0000000607400000|  0%| F|  |TAMS 0x0000000607000000, 0x0000000607000000| Untracked 
|  18|0x0000000607400000, 0x0000000607400000, 0x0000000607800000|  0%| F|  |TAMS 0x0000000607400000, 0x0000000607400000| Untracked 
|  19|0x0000000607800000, 0x0000000607800000, 0x0000000607c00000|  0%| F|  |TAMS 0x0000000607800000, 0x0000000607800000| Untracked 
|  20|0x0000000607c00000, 0x0000000607c00000, 0x0000000608000000|  0%| F|  |TAMS 0x0000000607c00000, 0x0000000607c00000| Untracked 
|  21|0x0000000608000000, 0x0000000608000000, 0x0000000608400000|  0%| F|  |TAMS 0x0000000608000000, 0x0000000608000000| Untracked 
|  22|0x0000000608400000, 0x0000000608400000, 0x0000000608800000|  0%| F|  |TAMS 0x0000000608400000, 0x0000000608400000| Untracked 
|  23|0x0000000608800000, 0x0000000608800000, 0x0000000608c00000|  0%| F|  |TAMS 0x0000000608800000, 0x0000000608800000| Untracked 
|  24|0x0000000608c00000, 0x0000000608c00000, 0x0000000609000000|  0%| F|  |TAMS 0x0000000608c00000, 0x0000000608c00000| Untracked 
|  25|0x0000000609000000, 0x0000000609000000, 0x0000000609400000|  0%| F|  |TAMS 0x0000000609000000, 0x0000000609000000| Untracked 
|  26|0x0000000609400000, 0x0000000609400000, 0x0000000609800000|  0%| F|  |TAMS 0x0000000609400000, 0x0000000609400000| Untracked 
|  27|0x0000000609800000, 0x0000000609800000, 0x0000000609c00000|  0%| F|  |TAMS 0x0000000609800000, 0x0000000609800000| Untracked 
|  28|0x0000000609c00000, 0x0000000609c00000, 0x000000060a000000|  0%| F|  |TAMS 0x0000000609c00000, 0x0000000609c00000| Untracked 
|  29|0x000000060a000000, 0x000000060a000000, 0x000000060a400000|  0%| F|  |TAMS 0x000000060a000000, 0x000000060a000000| Untracked 
|  30|0x000000060a400000, 0x000000060a400000, 0x000000060a800000|  0%| F|  |TAMS 0x000000060a400000, 0x000000060a400000| Untracked 
|  31|0x000000060a800000, 0x000000060a800000, 0x000000060ac00000|  0%| F|  |TAMS 0x000000060a800000, 0x000000060a800000| Untracked 
|  32|0x000000060ac00000, 0x000000060ac00000, 0x000000060b000000|  0%| F|  |TAMS 0x000000060ac00000, 0x000000060ac00000| Untracked 
|  33|0x000000060b000000, 0x000000060b0dcc08, 0x000000060b400000| 21%| E|  |TAMS 0x000000060b000000, 0x000000060b000000| Complete 
|  34|0x000000060b400000, 0x000000060b800000, 0x000000060b800000|100%| E|CS|TAMS 0x000000060b400000, 0x000000060b400000| Complete 
|  35|0x000000060b800000, 0x000000060bc00000, 0x000000060bc00000|100%| E|CS|TAMS 0x000000060b800000, 0x000000060b800000| Complete 
|  36|0x000000060bc00000, 0x000000060c000000, 0x000000060c000000|100%| E|CS|TAMS 0x000000060bc00000, 0x000000060bc00000| Complete 
|  37|0x000000060c000000, 0x000000060c400000, 0x000000060c400000|100%| E|CS|TAMS 0x000000060c000000, 0x000000060c000000| Complete 
|  38|0x000000060c400000, 0x000000060c800000, 0x000000060c800000|100%| E|CS|TAMS 0x000000060c400000, 0x000000060c400000| Complete 
|  39|0x000000060c800000, 0x000000060cc00000, 0x000000060cc00000|100%| E|CS|TAMS 0x000000060c800000, 0x000000060c800000| Complete 
|  40|0x000000060cc00000, 0x000000060d000000, 0x000000060d000000|100%| E|CS|TAMS 0x000000060cc00000, 0x000000060cc00000| Complete 
|  41|0x000000060d000000, 0x000000060d400000, 0x000000060d400000|100%| E|CS|TAMS 0x000000060d000000, 0x000000060d000000| Complete 
|  42|0x000000060d400000, 0x000000060d800000, 0x000000060d800000|100%| E|CS|TAMS 0x000000060d400000, 0x000000060d400000| Complete 
|  43|0x000000060d800000, 0x000000060dc00000, 0x000000060dc00000|100%| E|CS|TAMS 0x000000060d800000, 0x000000060d800000| Complete 
|  44|0x000000060dc00000, 0x000000060e000000, 0x000000060e000000|100%| E|CS|TAMS 0x000000060dc00000, 0x000000060dc00000| Complete 
|  45|0x000000060e000000, 0x000000060e400000, 0x000000060e400000|100%| E|CS|TAMS 0x000000060e000000, 0x000000060e000000| Complete 
|  46|0x000000060e400000, 0x000000060e800000, 0x000000060e800000|100%| E|CS|TAMS 0x000000060e400000, 0x000000060e400000| Complete 
|  47|0x000000060e800000, 0x000000060ec00000, 0x000000060ec00000|100%| E|CS|TAMS 0x000000060e800000, 0x000000060e800000| Complete 
|  48|0x000000060ec00000, 0x000000060f000000, 0x000000060f000000|100%| E|CS|TAMS 0x000000060ec00000, 0x000000060ec00000| Complete 
|  49|0x000000060f000000, 0x000000060f400000, 0x000000060f400000|100%| E|CS|TAMS 0x000000060f000000, 0x000000060f000000| Complete 
|  50|0x000000060f400000, 0x000000060f800000, 0x000000060f800000|100%| E|CS|TAMS 0x000000060f400000, 0x000000060f400000| Complete 
|  51|0x000000060f800000, 0x000000060fc00000, 0x000000060fc00000|100%| E|CS|TAMS 0x000000060f800000, 0x000000060f800000| Complete 
|  52|0x000000060fc00000, 0x0000000610000000, 0x0000000610000000|100%| E|CS|TAMS 0x000000060fc00000, 0x000000060fc00000| Complete 
|  53|0x0000000610000000, 0x0000000610400000, 0x0000000610400000|100%| E|CS|TAMS 0x0000000610000000, 0x0000000610000000| Complete 
|  54|0x0000000610400000, 0x0000000610800000, 0x0000000610800000|100%| E|CS|TAMS 0x0000000610400000, 0x0000000610400000| Complete 
|  55|0x0000000610800000, 0x0000000610c00000, 0x0000000610c00000|100%| E|CS|TAMS 0x0000000610800000, 0x0000000610800000| Complete 
|  56|0x0000000610c00000, 0x0000000611000000, 0x0000000611000000|100%| E|CS|TAMS 0x0000000610c00000, 0x0000000610c00000| Complete 
|  57|0x0000000611000000, 0x0000000611400000, 0x0000000611400000|100%| E|CS|TAMS 0x0000000611000000, 0x0000000611000000| Complete 
|  58|0x0000000611400000, 0x0000000611800000, 0x0000000611800000|100%| E|CS|TAMS 0x0000000611400000, 0x0000000611400000| Complete 
|  59|0x0000000611800000, 0x0000000611c00000, 0x0000000611c00000|100%| E|CS|TAMS 0x0000000611800000, 0x0000000611800000| Complete 
|  60|0x0000000611c00000, 0x0000000612000000, 0x0000000612000000|100%| E|CS|TAMS 0x0000000611c00000, 0x0000000611c00000| Complete 
|  61|0x0000000612000000, 0x0000000612400000, 0x0000000612400000|100%| E|CS|TAMS 0x0000000612000000, 0x0000000612000000| Complete 
|  62|0x0000000612400000, 0x0000000612800000, 0x0000000612800000|100%| E|CS|TAMS 0x0000000612400000, 0x0000000612400000| Complete 
|  63|0x0000000612800000, 0x0000000612c00000, 0x0000000612c00000|100%| E|CS|TAMS 0x0000000612800000, 0x0000000612800000| Complete 
|  64|0x0000000612c00000, 0x0000000613000000, 0x0000000613000000|100%| E|CS|TAMS 0x0000000612c00000, 0x0000000612c00000| Complete 
|  65|0x0000000613000000, 0x0000000613400000, 0x0000000613400000|100%| E|CS|TAMS 0x0000000613000000, 0x0000000613000000| Complete 
|  66|0x0000000613400000, 0x0000000613800000, 0x0000000613800000|100%| E|CS|TAMS 0x0000000613400000, 0x0000000613400000| Complete 
|  67|0x0000000613800000, 0x0000000613c00000, 0x0000000613c00000|100%| E|CS|TAMS 0x0000000613800000, 0x0000000613800000| Complete 
|  68|0x0000000613c00000, 0x0000000614000000, 0x0000000614000000|100%| E|CS|TAMS 0x0000000613c00000, 0x0000000613c00000| Complete 
|  69|0x0000000614000000, 0x0000000614400000, 0x0000000614400000|100%| E|CS|TAMS 0x0000000614000000, 0x0000000614000000| Complete 
|  70|0x0000000614400000, 0x0000000614800000, 0x0000000614800000|100%| E|CS|TAMS 0x0000000614400000, 0x0000000614400000| Complete 
| 122|0x0000000621400000, 0x0000000621800000, 0x0000000621800000|100%| E|CS|TAMS 0x0000000621400000, 0x0000000621400000| Complete 
| 123|0x0000000621800000, 0x0000000621c00000, 0x0000000621c00000|100%| E|CS|TAMS 0x0000000621800000, 0x0000000621800000| Complete 
| 127|0x0000000622800000, 0x0000000622c00000, 0x0000000622c00000|100%| E|CS|TAMS 0x0000000622800000, 0x0000000622800000| Complete 

Card table byte_map: [0x000002cefcfe0000,0x000002cefdfd0000] _byte_map_base: 0x000002cef9fca000

Marking Bits (Prev, Next): (CMBitMap*) 0x000002cef3a4dff0, (CMBitMap*) 0x000002cef3a4dfb0
 Prev Bits: [0x000002ce96f50000, 0x000002ce9eea0000)
 Next Bits: [0x000002ce8f000000, 0x000002ce96f50000)

Polling page: 0x000002cef1520000

Metaspace:

Usage:
  Non-class:     63.64 MB used.
      Class:      9.93 MB used.
       Both:     73.56 MB used.

Virtual space:
  Non-class space:       72.00 MB reserved,      64.00 MB ( 89%) committed,  9 nodes.
      Class space:        1.00 GB reserved,      10.25 MB (  1%) committed,  1 nodes.
             Both:        1.07 GB reserved,      74.25 MB (  7%) committed. 

Chunk freelists:
   Non-Class:  3.34 MB
       Class:  1.72 MB
        Both:  5.07 MB

MaxMetaspaceSize: unlimited
CompressedClassSpaceSize: 1.00 GB
Initial GC threshold: 21.00 MB
Current GC threshold: 105.56 MB
CDS: on
MetaspaceReclaimPolicy: balanced
 - commit_granule_bytes: 65536.
 - commit_granule_words: 8192.
 - virtual_space_node_default_size: 1048576.
 - enlarge_chunks_in_place: 1.
 - new_chunks_are_fully_committed: 0.
 - uncommit_free_chunks: 1.
 - use_allocation_guard: 0.
 - handle_deallocations: 1.


Internal statistics:

num_allocs_failed_limit: 9.
num_arena_births: 936.
num_arena_deaths: 0.
num_vsnodes_births: 10.
num_vsnodes_deaths: 0.
num_space_committed: 1188.
num_space_uncommitted: 0.
num_chunks_returned_to_freelist: 9.
num_chunks_taken_from_freelist: 3871.
num_chunk_merges: 9.
num_chunk_splits: 2698.
num_chunks_enlarged: 2000.
num_purges: 0.
num_inconsistent_stats: 0.

CodeHeap 'non-profiled nmethods': size=119168Kb used=7270Kb max_used=7270Kb free=111898Kb
 bounds [0x000002ce87ba0000, 0x000002ce882c0000, 0x000002ce8f000000]
CodeHeap 'profiled nmethods': size=119104Kb used=17778Kb max_used=17778Kb free=101325Kb
 bounds [0x000002ce80000000, 0x000002ce81160000, 0x000002ce87450000]
CodeHeap 'non-nmethods': size=7488Kb used=2814Kb max_used=3483Kb free=4674Kb
 bounds [0x000002ce87450000, 0x000002ce877d0000, 0x000002ce87ba0000]
 total_blobs=9599 nmethods=8835 adapters=673
 compilation: enabled
              stopped_count=0, restarted_count=0
 full_count=0

Compilation events (20 events):
Event: 169.606 Thread 0x000002ceff2baac0 nmethod 10198 0x000002ce8113e290 code [0x000002ce8113e420, 0x000002ce8113e558]
Event: 169.606 Thread 0x000002ceff2baac0 10200       3       org.hibernate.resource.jdbc.internal.ResourceRegistryStandardImpl::closeAll (19 bytes)
Event: 169.606 Thread 0x000002ceff2baac0 nmethod 10200 0x000002ce8113e610 code [0x000002ce8113e7e0, 0x000002ce8113ec58]
Event: 169.606 Thread 0x000002ceff2baac0 10201       3       org.jboss.logging.DelegatingBasicLogger::trace (13 bytes)
Event: 169.606 Thread 0x000002ceff2baac0 nmethod 10201 0x000002ce8113ed90 code [0x000002ce8113ef40, 0x000002ce8113f128]
Event: 169.606 Thread 0x000002ceff2baac0 10202       3       org.jboss.logging.Logger::trace (12 bytes)
Event: 169.606 Thread 0x000002ceff2baac0 nmethod 10202 0x000002ce8113f210 code [0x000002ce8113f3c0, 0x000002ce8113f528]
Event: 170.381 Thread 0x000002ceff2baac0 10203       3       org.apache.tomcat.util.http.MimeHeaders::addValue (23 bytes)
Event: 170.381 Thread 0x000002ceff2baac0 nmethod 10203 0x000002ce8113f610 code [0x000002ce8113f7c0, 0x000002ce8113fac8]
Event: 170.381 Thread 0x000002ceff2baac0 10204       3       org.apache.tomcat.util.http.MimeHeaders::getValue (26 bytes)
Event: 170.381 Thread 0x000002ceff2baac0 nmethod 10204 0x000002ce8113fc90 code [0x000002ce8113fe40, 0x000002ce81140078]
Event: 170.381 Thread 0x000002ceff2baac0 10205       1       org.springframework.web.filter.OncePerRequestFilter::shouldNotFilter (2 bytes)
Event: 170.381 Thread 0x000002ceff2baac0 nmethod 10205 0x000002ce882b6410 code [0x000002ce882b65a0, 0x000002ce882b6678]
Event: 170.381 Thread 0x000002ceff2baac0 10206   !   3       org.apache.catalina.connector.Request::notifyAttributeAssigned (224 bytes)
Event: 170.381 Thread 0x000002ceff2ba1c0 10207       4       org.apache.tomcat.util.buf.MessageBytes::toString (69 bytes)
Event: 170.382 Thread 0x000002ceff2baac0 nmethod 10206 0x000002ce81140190 code [0x000002ce81140520, 0x000002ce811421d8]
Event: 170.382 Thread 0x000002ceff2baac0 10209       3       org.hibernate.engine.internal.StatefulPersistenceContext::getLoadContexts (24 bytes)
Event: 170.383 Thread 0x000002ceff2baac0 nmethod 10209 0x000002ce81142b90 code [0x000002ce81142d60, 0x000002ce81143218]
Event: 170.383 Thread 0x000002ceff2ba1c0 nmethod 10207 0x000002ce882b6710 code [0x000002ce882b68c0, 0x000002ce882b6c38]
Event: 170.383 Thread 0x000002ceff2ba1c0 10208   !   4       org.apache.tomcat.util.buf.StringCache::toString (601 bytes)

GC Heap History (20 events):
Event: 2.545 GC heap before
{Heap before GC invocations=16 (full 0):
 garbage-first heap   total 69632K, used 49294K [0x0000000602c00000, 0x0000000800000000)
  region size 4096K, 6 young (24576K), 1 survivors (4096K)
 Metaspace       used 57205K, committed 57728K, reserved 1105920K
  class space    used 7636K, committed 7872K, reserved 1048576K
}
Event: 2.546 GC heap after
{Heap after GC invocations=17 (full 0):
 garbage-first heap   total 69632K, used 30178K [0x0000000602c00000, 0x0000000800000000)
  region size 4096K, 1 young (4096K), 1 survivors (4096K)
 Metaspace       used 57205K, committed 57728K, reserved 1105920K
  class space    used 7636K, committed 7872K, reserved 1048576K
}
Event: 2.637 GC heap before
{Heap before GC invocations=17 (full 0):
 garbage-first heap   total 69632K, used 50658K [0x0000000602c00000, 0x0000000800000000)
  region size 4096K, 6 young (24576K), 1 survivors (4096K)
 Metaspace       used 59384K, committed 59904K, reserved 1105920K
  class space    used 7924K, committed 8192K, reserved 1048576K
}
Event: 2.639 GC heap after
{Heap after GC invocations=18 (full 0):
 garbage-first heap   total 69632K, used 31205K [0x0000000602c00000, 0x0000000800000000)
  region size 4096K, 1 young (4096K), 1 survivors (4096K)
 Metaspace       used 59384K, committed 59904K, reserved 1105920K
  class space    used 7924K, committed 8192K, reserved 1048576K
}
Event: 2.683 GC heap before
{Heap before GC invocations=18 (full 0):
 garbage-first heap   total 69632K, used 43493K [0x0000000602c00000, 0x0000000800000000)
  region size 4096K, 5 young (20480K), 1 survivors (4096K)
 Metaspace       used 60114K, committed 60608K, reserved 1105920K
  class space    used 8024K, committed 8256K, reserved 1048576K
}
Event: 2.684 GC heap after
{Heap after GC invocations=19 (full 0):
 garbage-first heap   total 69632K, used 31605K [0x0000000602c00000, 0x0000000800000000)
  region size 4096K, 1 young (4096K), 1 survivors (4096K)
 Metaspace       used 60114K, committed 60608K, reserved 1105920K
  class space    used 8024K, committed 8256K, reserved 1048576K
}
Event: 2.751 GC heap before
{Heap before GC invocations=20 (full 0):
 garbage-first heap   total 69632K, used 52085K [0x0000000602c00000, 0x0000000800000000)
  region size 4096K, 6 young (24576K), 1 survivors (4096K)
 Metaspace       used 60673K, committed 61184K, reserved 1105920K
  class space    used 8121K, committed 8320K, reserved 1048576K
}
Event: 2.752 GC heap after
{Heap after GC invocations=21 (full 0):
 garbage-first heap   total 69632K, used 32178K [0x0000000602c00000, 0x0000000800000000)
  region size 4096K, 1 young (4096K), 1 survivors (4096K)
 Metaspace       used 60673K, committed 61184K, reserved 1105920K
  class space    used 8121K, committed 8320K, reserved 1048576K
}
Event: 2.754 GC heap before
{Heap before GC invocations=21 (full 0):
 garbage-first heap   total 69632K, used 36274K [0x0000000602c00000, 0x0000000800000000)
  region size 4096K, 2 young (8192K), 1 survivors (4096K)
 Metaspace       used 60673K, committed 61184K, reserved 1105920K
  class space    used 8121K, committed 8320K, reserved 1048576K
}
Event: 2.756 GC heap after
{Heap after GC invocations=22 (full 0):
 garbage-first heap   total 69632K, used 31606K [0x0000000602c00000, 0x0000000800000000)
  region size 4096K, 1 young (4096K), 1 survivors (4096K)
 Metaspace       used 60673K, committed 61184K, reserved 1105920K
  class space    used 8121K, committed 8320K, reserved 1048576K
}
Event: 2.820 GC heap before
{Heap before GC invocations=22 (full 0):
 garbage-first heap   total 69632K, used 52086K [0x0000000602c00000, 0x0000000800000000)
  region size 4096K, 6 young (24576K), 1 survivors (4096K)
 Metaspace       used 61064K, committed 61504K, reserved 1105920K
  class space    used 8175K, committed 8384K, reserved 1048576K
}
Event: 2.821 GC heap after
{Heap after GC invocations=23 (full 0):
 garbage-first heap   total 69632K, used 32303K [0x0000000602c00000, 0x0000000800000000)
  region size 4096K, 1 young (4096K), 1 survivors (4096K)
 Metaspace       used 61064K, committed 61504K, reserved 1105920K
  class space    used 8175K, committed 8384K, reserved 1048576K
}
Event: 2.971 GC heap before
{Heap before GC invocations=24 (full 0):
 garbage-first heap   total 69632K, used 48687K [0x0000000602c00000, 0x0000000800000000)
  region size 4096K, 6 young (24576K), 1 survivors (4096K)
 Metaspace       used 63902K, committed 64448K, reserved 1105920K
  class space    used 8690K, committed 8960K, reserved 1048576K
}
Event: 2.972 GC heap after
{Heap after GC invocations=25 (full 0):
 garbage-first heap   total 69632K, used 33616K [0x0000000602c00000, 0x0000000800000000)
  region size 4096K, 1 young (4096K), 1 survivors (4096K)
 Metaspace       used 63902K, committed 64448K, reserved 1105920K
  class space    used 8690K, committed 8960K, reserved 1048576K
}
Event: 3.044 GC heap before
{Heap before GC invocations=25 (full 0):
 garbage-first heap   total 69632K, used 54096K [0x0000000602c00000, 0x0000000800000000)
  region size 4096K, 6 young (24576K), 1 survivors (4096K)
 Metaspace       used 64293K, committed 64832K, reserved 1105920K
  class space    used 8747K, committed 9024K, reserved 1048576K
}
Event: 3.045 GC heap after
{Heap after GC invocations=26 (full 0):
 garbage-first heap   total 69632K, used 34398K [0x0000000602c00000, 0x0000000800000000)
  region size 4096K, 1 young (4096K), 1 survivors (4096K)
 Metaspace       used 64293K, committed 64832K, reserved 1105920K
  class space    used 8747K, committed 9024K, reserved 1048576K
}
Event: 3.112 GC heap before
{Heap before GC invocations=27 (full 0):
 garbage-first heap   total 77824K, used 54878K [0x0000000602c00000, 0x0000000800000000)
  region size 4096K, 6 young (24576K), 1 survivors (4096K)
 Metaspace       used 64640K, committed 65216K, reserved 1105920K
  class space    used 8780K, committed 9088K, reserved 1048576K
}
Event: 3.113 GC heap after
{Heap after GC invocations=28 (full 0):
 garbage-first heap   total 77824K, used 35098K [0x0000000602c00000, 0x0000000800000000)
  region size 4096K, 1 young (4096K), 1 survivors (4096K)
 Metaspace       used 64640K, committed 65216K, reserved 1105920K
  class space    used 8780K, committed 9088K, reserved 1048576K
}
Event: 3.196 GC heap before
{Heap before GC invocations=28 (full 0):
 garbage-first heap   total 77824K, used 63770K [0x0000000602c00000, 0x0000000800000000)
  region size 4096K, 8 young (32768K), 1 survivors (4096K)
 Metaspace       used 65142K, committed 65792K, reserved 1105920K
  class space    used 8825K, committed 9152K, reserved 1048576K
}
Event: 3.197 GC heap after
{Heap after GC invocations=29 (full 0):
 garbage-first heap   total 303104K, used 35991K [0x0000000602c00000, 0x0000000800000000)
  region size 4096K, 1 young (4096K), 1 survivors (4096K)
 Metaspace       used 65142K, committed 65792K, reserved 1105920K
  class space    used 8825K, committed 9152K, reserved 1048576K
}

Deoptimization events (20 events):
Event: 30.207 Thread 0x000002cea7f48cf0 DEOPT PACKING pc=0x000002ce87c0f984 sp=0x000000f4f6bfbc10
Event: 30.207 Thread 0x000002cea7f48cf0 DEOPT UNPACKING pc=0x000002ce874a23a3 sp=0x000000f4f6bfbb80 mode 2
Event: 30.211 Thread 0x000002cea7f48cf0 Uncommon trap: trap_request=0xffffff45 fr.pc=0x000002ce87d2688c relative=0x00000000000000ec
Event: 30.211 Thread 0x000002cea7f48cf0 Uncommon trap: reason=unstable_if action=reinterpret pc=0x000002ce87d2688c method=java.util.concurrent.ConcurrentMap.computeIfAbsent(Ljava/lang/Object;Ljava/util/function/Function;)Ljava/lang/Object; @ 41 c2
Event: 30.211 Thread 0x000002cea7f48cf0 DEOPT PACKING pc=0x000002ce87d2688c sp=0x000000f4f6bfb770
Event: 30.211 Thread 0x000002cea7f48cf0 DEOPT UNPACKING pc=0x000002ce874a23a3 sp=0x000000f4f6bfb6f8 mode 2
Event: 30.211 Thread 0x000002cea7f48cf0 Uncommon trap: trap_request=0xffffff45 fr.pc=0x000002ce880479cc relative=0x0000000000000d8c
Event: 30.211 Thread 0x000002cea7f48cf0 Uncommon trap: reason=unstable_if action=reinterpret pc=0x000002ce880479cc method=org.springframework.util.ConcurrentReferenceHashMap$Segment.doTask(ILjava/lang/Object;Lorg/springframework/util/ConcurrentReferenceHashMap$Task;)Ljava/lang/Object; @ 89 c2
Event: 30.211 Thread 0x000002cea7f48cf0 DEOPT PACKING pc=0x000002ce880479cc sp=0x000000f4f6bfbb50
Event: 30.211 Thread 0x000002cea7f48cf0 DEOPT UNPACKING pc=0x000002ce874a23a3 sp=0x000000f4f6bfb8d8 mode 2
Event: 30.211 Thread 0x000002cea7f44e60 Uncommon trap: trap_request=0xffffff45 fr.pc=0x000002ce8826924c relative=0x000000000000126c
Event: 30.211 Thread 0x000002cea7f44e60 Uncommon trap: reason=unstable_if action=reinterpret pc=0x000002ce8826924c method=java.util.concurrent.ConcurrentHashMap.putVal(Ljava/lang/Object;Ljava/lang/Object;Z)Ljava/lang/Object; @ 97 c2
Event: 30.211 Thread 0x000002cea7f44e60 DEOPT PACKING pc=0x000002ce8826924c sp=0x000000f4f6cfb850
Event: 30.211 Thread 0x000002cea7f44e60 DEOPT UNPACKING pc=0x000002ce874a23a3 sp=0x000000f4f6cfb7e8 mode 2
Event: 103.696 Thread 0x000002cea7f48350 Uncommon trap: trap_request=0xffffff45 fr.pc=0x000002ce881f15f8 relative=0x0000000000004798
Event: 103.696 Thread 0x000002cea7f48350 Uncommon trap: reason=unstable_if action=reinterpret pc=0x000002ce881f15f8 method=java.util.concurrent.locks.ReentrantLock$NonfairSync.initialTryLock()Z @ 10 c2
Event: 103.696 Thread 0x000002cea7f48350 DEOPT PACKING pc=0x000002ce881f15f8 sp=0x000000f4f6ffa5d0
Event: 103.697 Thread 0x000002cea7f48350 DEOPT UNPACKING pc=0x000002ce874a23a3 sp=0x000000f4f6ffa218 mode 2
Event: 145.600 Thread 0x000002cea7f47010 DEOPT PACKING pc=0x000002ce80e4cbe4 sp=0x000000f4f68fed80
Event: 145.600 Thread 0x000002cea7f47010 DEOPT UNPACKING pc=0x000002ce874a2b43 sp=0x000000f4f68fe218 mode 0

Classes unloaded (0 events):
No events

Classes redefined (0 events):
No events

Internal exceptions (20 events):
Event: 3.509 Thread 0x000002cea3295ef0 Exception <a 'java/lang/NoSuchMethodError'{0x00000006126fba98}: 'java.lang.Object java.lang.invoke.DirectMethodHandle$Holder.invokeInterface(java.lang.Object, java.lang.Object, java.lang.Object, java.lang.Object)'> (0x00000006126fba98) 
thrown [s\open\src\hotspot\share\interpreter\linkResolver.cpp, line 759]
Event: 3.538 Thread 0x000002cea3295ef0 Exception <a 'java/lang/NoSuchMethodError'{0x000000061209e5d8}: 'void java.lang.invoke.DirectMethodHandle$Holder.invokeVirtual(java.lang.Object, java.lang.Object, int)'> (0x000000061209e5d8) 
thrown [s\open\src\hotspot\share\interpreter\linkResolver.cpp, line 759]
Event: 3.539 Thread 0x000002cea3295ef0 Exception <a 'java/lang/NoSuchMethodError'{0x00000006120b89f8}: 'void java.lang.invoke.DirectMethodHandle$Holder.invokeVirtual(java.lang.Object, java.lang.Object, long)'> (0x00000006120b89f8) 
thrown [s\open\src\hotspot\share\interpreter\linkResolver.cpp, line 759]
Event: 3.585 Thread 0x000002cea3295ef0 Implicit null exception at 0x000002ce87e07b5b to 0x000002ce87e08020
Event: 3.607 Thread 0x000002cea3295ef0 Exception <a 'java/lang/ClassNotFoundException'{0x0000000611e86358}: nz/net/ultraq/thymeleaf/layoutdialect/decorators/strategies/AppendingStrategyBeanInfo> (0x0000000611e86358) 
thrown [s\open\src\hotspot\share\classfile\systemDictionary.cpp, line 256]
Event: 3.607 Thread 0x000002cea3295ef0 Exception <a 'java/lang/ClassNotFoundException'{0x0000000611e8ec90}: nz/net/ultraq/thymeleaf/layoutdialect/decorators/strategies/AppendingStrategyCustomizer> (0x0000000611e8ec90) 
thrown [s\open\src\hotspot\share\classfile\systemDictionary.cpp, line 256]
Event: 3.610 Thread 0x000002cea3295ef0 Exception <a 'java/lang/ClassNotFoundException'{0x0000000611ef0cd0}: nz/net/ultraq/thymeleaf/layoutdialect/LayoutDialectBeanInfo> (0x0000000611ef0cd0) 
thrown [s\open\src\hotspot\share\classfile\systemDictionary.cpp, line 256]
Event: 3.610 Thread 0x000002cea3295ef0 Exception <a 'java/lang/ClassNotFoundException'{0x0000000611ef8918}: org/thymeleaf/dialect/AbstractProcessorDialectBeanInfo> (0x0000000611ef8918) 
thrown [s\open\src\hotspot\share\classfile\systemDictionary.cpp, line 256]
Event: 3.610 Thread 0x000002cea3295ef0 Exception <a 'java/lang/ClassNotFoundException'{0x0000000611f002c8}: org/thymeleaf/dialect/AbstractDialectBeanInfo> (0x0000000611f002c8) 
thrown [s\open\src\hotspot\share\classfile\systemDictionary.cpp, line 256]
Event: 3.610 Thread 0x000002cea3295ef0 Exception <a 'java/lang/ClassNotFoundException'{0x0000000611f07d48}: org/thymeleaf/dialect/AbstractDialectCustomizer> (0x0000000611f07d48) 
thrown [s\open\src\hotspot\share\classfile\systemDictionary.cpp, line 256]
Event: 3.611 Thread 0x000002cea3295ef0 Exception <a 'java/lang/ClassNotFoundException'{0x0000000611f11f88}: org/thymeleaf/dialect/AbstractProcessorDialectCustomizer> (0x0000000611f11f88) 
thrown [s\open\src\hotspot\share\classfile\systemDictionary.cpp, line 256]
Event: 3.611 Thread 0x000002cea3295ef0 Exception <a 'java/lang/ClassNotFoundException'{0x0000000611f1d418}: nz/net/ultraq/thymeleaf/layoutdialect/LayoutDialectCustomizer> (0x0000000611f1d418) 
thrown [s\open\src\hotspot\share\classfile\systemDictionary.cpp, line 256]
Event: 3.676 Thread 0x000002cea3295ef0 Implicit null exception at 0x000002ce881359e9 to 0x000002ce88135a80
Event: 3.758 Thread 0x000002cea3295ef0 Exception <a 'java/lang/NoSuchMethodError'{0x00000006100dd510}: 'java.lang.Object java.lang.invoke.DirectMethodHandle$Holder.newInvokeSpecial(java.lang.Object, java.lang.Object, int, java.lang.Object, java.lang.Object)'> (0x00000006100dd510) 
thrown [s\open\src\hotspot\share\interpreter\linkResolver.cpp, line 759]
Event: 3.759 Thread 0x000002cea3295ef0 Exception <a 'java/lang/NoSuchMethodError'{0x00000006100e8af8}: 'java.lang.Object java.lang.invoke.DirectMethodHandle$Holder.invokeSpecial(java.lang.Object, java.lang.Object, int, java.lang.Object, int, java.lang.Object)'> (0x00000006100e8af8) 
thrown [s\open\src\hotspot\share\interpreter\linkResolver.cpp, line 759]
Event: 3.759 Thread 0x000002cea3295ef0 Exception <a 'java/lang/NoSuchMethodError'{0x00000006100f0838}: 'java.lang.Object java.lang.invoke.DirectMethodHandle$Holder.newInvokeSpecial(java.lang.Object, java.lang.Object, int, java.lang.Object, int)'> (0x00000006100f0838) 
thrown [s\open\src\hotspot\share\interpreter\linkResolver.cpp, line 759]
Event: 3.759 Thread 0x000002cea3295ef0 Exception <a 'java/lang/NoSuchMethodError'{0x00000006100f48f0}: 'java.lang.Object java.lang.invoke.DirectMethodHandle$Holder.invokeSpecial(java.lang.Object, java.lang.Object, java.lang.Object, int, java.lang.Object, int)'> (0x00000006100f48f0) 
thrown [s\open\src\hotspot\share\interpreter\linkResolver.cpp, line 759]
Event: 24.245 Thread 0x000002cea7f46670 Exception <a 'java/lang/NoSuchMethodError'{0x000000060f33d460}: 'java.lang.Object java.lang.invoke.DirectMethodHandle$Holder.invokeSpecial(java.lang.Object, java.lang.Object, java.lang.Object, java.lang.Object, java.lang.Object, long)'> (0x000000060f33d460) 
thrown [s\open\src\hotspot\share\interpreter\linkResolver.cpp, line 759]
Event: 24.245 Thread 0x000002cea7f46670 Exception <a 'java/lang/NoSuchMethodError'{0x000000060f340e58}: 'java.lang.Object java.lang.invoke.Invokers$Holder.linkToTargetMethod(java.lang.Object, java.lang.Object, java.lang.Object, long, java.lang.Object)'> (0x000000060f340e58) 
thrown [s\open\src\hotspot\share\interpreter\linkResolver.cpp, line 759]
Event: 24.304 Thread 0x000002cea7f46670 Exception <a 'java/lang/IncompatibleClassChangeError'{0x000000060ea300b8}: Found class java.lang.Object, but interface was expected> (0x000000060ea300b8) 
thrown [s\open\src\hotspot\share\interpreter\linkResolver.cpp, line 826]

VM Operations (20 events):
Event: 86.612 Executing VM operation: Cleanup
Event: 86.612 Executing VM operation: Cleanup done
Event: 92.629 Executing VM operation: Cleanup
Event: 92.629 Executing VM operation: Cleanup done
Event: 100.667 Executing VM operation: Cleanup
Event: 100.667 Executing VM operation: Cleanup done
Event: 104.690 Executing VM operation: Cleanup
Event: 104.690 Executing VM operation: Cleanup done
Event: 119.751 Executing VM operation: Cleanup
Event: 119.751 Executing VM operation: Cleanup done
Event: 120.761 Executing VM operation: Cleanup
Event: 120.761 Executing VM operation: Cleanup done
Event: 121.770 Executing VM operation: Cleanup
Event: 121.770 Executing VM operation: Cleanup done
Event: 146.911 Executing VM operation: Cleanup
Event: 146.911 Executing VM operation: Cleanup done
Event: 153.955 Executing VM operation: Cleanup
Event: 153.955 Executing VM operation: Cleanup done
Event: 170.025 Executing VM operation: Cleanup
Event: 170.025 Executing VM operation: Cleanup done

Events (20 events):
Event: 30.207 Thread 0x000002cea7dbf570 Thread added: 0x000002cea7dbf570
Event: 30.208 Thread 0x000002cea7dc09b0 Thread added: 0x000002cea7dc09b0
Event: 30.208 Thread 0x000002cea7dc1df0 Thread added: 0x000002cea7dc1df0
Event: 30.248 Thread 0x000002cea7dbc2d0 Thread added: 0x000002cea7dbc2d0
Event: 30.776 Thread 0x000002cea7dbc2d0 Thread exited: 0x000002cea7dbc2d0
Event: 30.776 Thread 0x000002cea7dc1df0 Thread exited: 0x000002cea7dc1df0
Event: 32.558 Thread 0x000002cea7dc09b0 Thread exited: 0x000002cea7dc09b0
Event: 33.783 Thread 0x000002cea7dbf570 Thread exited: 0x000002cea7dbf570
Event: 100.009 Thread 0x000002cea7dbff90 Thread added: 0x000002cea7dbff90
Event: 100.604 Thread 0x000002cea7dbff90 Thread exited: 0x000002cea7dbff90
Event: 103.695 Thread 0x000002cea7dbae90 Thread added: 0x000002cea7dbae90
Event: 103.695 Thread 0x000002cea7dbf060 Thread added: 0x000002cea7dbf060
Event: 104.778 Thread 0x000002cea7dbf060 Thread exited: 0x000002cea7dbf060
Event: 109.781 Thread 0x000002cea7dbae90 Thread exited: 0x000002cea7dbae90
Event: 118.787 Thread 0x000002cea7dbfa80 Thread added: 0x000002cea7dbfa80
Event: 118.787 Thread 0x000002cea7dbc2d0 Thread added: 0x000002cea7dbc2d0
Event: 124.033 Thread 0x000002cea7dbc2d0 Thread exited: 0x000002cea7dbc2d0
Event: 129.784 Thread 0x000002cea7dbfa80 Thread exited: 0x000002cea7dbfa80
Event: 153.230 Thread 0x000002cea7dbf060 Thread added: 0x000002cea7dbf060
Event: 158.236 Thread 0x000002cea7dbf060 Thread exited: 0x000002cea7dbf060


Dynamic libraries:
0x00007ff73d1f0000 - 0x00007ff73d200000 	C:\Program Files\Java\jdk-17\bin\java.exe
0x00007ffac4bf0000 - 0x00007ffac4de8000 	C:\Windows\SYSTEM32\ntdll.dll
0x00007ffac3bb0000 - 0x00007ffac3c6f000 	C:\Windows\System32\KERNEL32.DLL
0x00007ffac2440000 - 0x00007ffac2736000 	C:\Windows\System32\KERNELBASE.dll
0x00007ffac2b50000 - 0x00007ffac2c50000 	C:\Windows\System32\ucrtbase.dll
0x00007ffa5c6e0000 - 0x00007ffa5c6fb000 	C:\Program Files\Java\jdk-17\bin\VCRUNTIME140.dll
0x00007ffa5cea0000 - 0x00007ffa5ceb8000 	C:\Program Files\Java\jdk-17\bin\jli.dll
0x00007ffac4720000 - 0x00007ffac47cf000 	C:\Windows\System32\ADVAPI32.dll
0x00007ffac3920000 - 0x00007ffac39be000 	C:\Windows\System32\msvcrt.dll
0x00007ffac3af0000 - 0x00007ffac3b8c000 	C:\Windows\System32\sechost.dll
0x00007ffac4360000 - 0x00007ffac4486000 	C:\Windows\System32\RPCRT4.dll
0x00007ffac3c70000 - 0x00007ffac3e0d000 	C:\Windows\System32\USER32.dll
0x00007ffac2970000 - 0x00007ffac2992000 	C:\Windows\System32\win32u.dll
0x00007ffac4880000 - 0x00007ffac48ac000 	C:\Windows\System32\GDI32.dll
0x00007ffab6c20000 - 0x00007ffab6eba000 	C:\Windows\WinSxS\amd64_microsoft.windows.common-controls_6595b64144ccf1df_6.0.19041.1110_none_60b5254171f9507e\COMCTL32.dll
0x00007ffac22d0000 - 0x00007ffac23e5000 	C:\Windows\System32\gdi32full.dll
0x00007ffac2770000 - 0x00007ffac280d000 	C:\Windows\System32\msvcp_win.dll
0x00007ffabc230000 - 0x00007ffabc23a000 	C:\Windows\SYSTEM32\VERSION.dll
0x00007ffac4b80000 - 0x00007ffac4bb0000 	C:\Windows\System32\IMM32.DLL
0x00007ffab95d0000 - 0x00007ffab95dc000 	C:\Program Files\Java\jdk-17\bin\vcruntime140_1.dll
0x00007ffa5c650000 - 0x00007ffa5c6de000 	C:\Program Files\Java\jdk-17\bin\msvcp140.dll
0x00007ffa5ba70000 - 0x00007ffa5c647000 	C:\Program Files\Java\jdk-17\bin\server\jvm.dll
0x00007ffac4b10000 - 0x00007ffac4b18000 	C:\Windows\System32\PSAPI.DLL
0x00007ffab8980000 - 0x00007ffab89a7000 	C:\Windows\SYSTEM32\WINMM.dll
0x00007ffaa69c0000 - 0x00007ffaa69c9000 	C:\Windows\SYSTEM32\WSOCK32.dll
0x00007ffac3e10000 - 0x00007ffac3e7b000 	C:\Windows\System32\WS2_32.dll
0x00007ffac01a0000 - 0x00007ffac01b2000 	C:\Windows\SYSTEM32\kernel.appcore.dll
0x00007ffa5ce90000 - 0x00007ffa5ce9a000 	C:\Program Files\Java\jdk-17\bin\jimage.dll
0x00007ffab92e0000 - 0x00007ffab94c4000 	C:\Windows\SYSTEM32\DBGHELP.DLL
0x00007ffab92a0000 - 0x00007ffab92d4000 	C:\Windows\SYSTEM32\dbgcore.DLL
0x00007ffac29a0000 - 0x00007ffac2a22000 	C:\Windows\System32\bcryptPrimitives.dll
0x00007ffa5c740000 - 0x00007ffa5c765000 	C:\Program Files\Java\jdk-17\bin\java.dll
0x00007ffa5b990000 - 0x00007ffa5ba67000 	C:\Program Files\Java\jdk-17\bin\jsvml.dll
0x00007ffac31d0000 - 0x00007ffac3914000 	C:\Windows\System32\SHELL32.dll
0x00007ffac03a0000 - 0x00007ffac0b34000 	C:\Windows\SYSTEM32\windows.storage.dll
0x00007ffac4000000 - 0x00007ffac4354000 	C:\Windows\System32\combase.dll
0x00007ffac1d10000 - 0x00007ffac1d3e000 	C:\Windows\SYSTEM32\Wldp.dll
0x00007ffac4a60000 - 0x00007ffac4b0d000 	C:\Windows\System32\SHCORE.dll
0x00007ffac39c0000 - 0x00007ffac3a15000 	C:\Windows\System32\shlwapi.dll
0x00007ffac2200000 - 0x00007ffac2225000 	C:\Windows\SYSTEM32\profapi.dll
0x00007ffa5acc0000 - 0x00007ffa5acd9000 	C:\Program Files\Java\jdk-17\bin\net.dll
0x00007ffabbed0000 - 0x00007ffabbfda000 	C:\Windows\SYSTEM32\WINHTTP.dll
0x00007ffac1a70000 - 0x00007ffac1ada000 	C:\Windows\system32\mswsock.dll
0x00007ffa5a9c0000 - 0x00007ffa5a9d6000 	C:\Program Files\Java\jdk-17\bin\nio.dll
0x00007ffa5a9a0000 - 0x00007ffa5a9b8000 	C:\Program Files\Java\jdk-17\bin\zip.dll
0x00007ffab5c20000 - 0x00007ffab5c2a000 	C:\Program Files\Java\jdk-17\bin\management.dll
0x00007ffab5c10000 - 0x00007ffab5c1b000 	C:\Program Files\Java\jdk-17\bin\management_ext.dll
0x00007ffa5c9f0000 - 0x00007ffa5ca00000 	C:\Program Files\Java\jdk-17\bin\verify.dll
0x00007ffac1c60000 - 0x00007ffac1c78000 	C:\Windows\SYSTEM32\CRYPTSP.dll
0x00007ffac1320000 - 0x00007ffac1354000 	C:\Windows\system32\rsaenh.dll
0x00007ffac2740000 - 0x00007ffac2767000 	C:\Windows\System32\bcrypt.dll
0x00007ffac21c0000 - 0x00007ffac21ee000 	C:\Windows\SYSTEM32\USERENV.dll
0x00007ffac1c80000 - 0x00007ffac1c8c000 	C:\Windows\SYSTEM32\CRYPTBASE.dll
0x00007ffac1710000 - 0x00007ffac174c000 	C:\Windows\SYSTEM32\IPHLPAPI.DLL
0x00007ffac47d0000 - 0x00007ffac47d8000 	C:\Windows\System32\NSI.dll
0x00007ffabcb00000 - 0x00007ffabcb17000 	C:\Windows\SYSTEM32\dhcpcsvc6.DLL
0x00007ffabca50000 - 0x00007ffabca6d000 	C:\Windows\SYSTEM32\dhcpcsvc.DLL
0x00007ffac1760000 - 0x00007ffac182a000 	C:\Windows\SYSTEM32\DNSAPI.dll
0x00007ffab5c00000 - 0x00007ffab5c0d000 	C:\Program Files\Java\jdk-17\bin\sunmscapi.dll
0x00007ffac2810000 - 0x00007ffac296e000 	C:\Windows\System32\CRYPT32.dll
0x00007ffac1d80000 - 0x00007ffac1da8000 	C:\Windows\SYSTEM32\ncrypt.dll
0x00007ffac1d40000 - 0x00007ffac1d7b000 	C:\Windows\SYSTEM32\NTASN1.dll
0x00007ffa57940000 - 0x00007ffa57947000 	C:\Windows\system32\wshunix.dll

dbghelp: loaded successfully - version: 4.0.5 - missing functions: none
symbol engine: initialized successfully - sym options: 0x614 - pdb path: .;C:\Program Files\Java\jdk-17\bin;C:\Windows\SYSTEM32;C:\Windows\WinSxS\amd64_microsoft.windows.common-controls_6595b64144ccf1df_6.0.19041.1110_none_60b5254171f9507e;C:\Program Files\Java\jdk-17\bin\server

VM Arguments:
jvm_args: -Dfile.encoding=x-windows-949 -Duser.country=KR -Duser.language=ko -Duser.variant 
java_command: com.project.biscuit.BiscuitApplication
java_class_path (initial): C:\Users\JVL\Desktop\aws-finalproject-biscuit\Biscuit_teamProject\backend\java-spring\build\classes\java\main;C:\Users\JVL\Desktop\aws-finalproject-biscuit\Biscuit_teamProject\backend\java-spring\build\resources\main;C:\Users\JVL\.gradle\caches\modules-2\files-2.1\org.springframework.boot\spring-boot-devtools\3.0.10-SNAPSHOT\b79b116df4dac7c883e390919e3e56bbe95ac7a9\spring-boot-devtools-3.0.10-SNAPSHOT.jar;C:\Users\JVL\.gradle\caches\modules-2\files-2.1\org.springframework.boot\spring-boot-starter-data-jpa\3.0.10-SNAPSHOT\e11d735644c0800c8ee9d425f58c7c43d4e7f0f5\spring-boot-starter-data-jpa-3.0.10-SNAPSHOT.jar;C:\Users\JVL\.gradle\caches\modules-2\files-2.1\org.springframework.boot\spring-boot-starter-oauth2-client\3.0.10-SNAPSHOT\22ed5ed907bdd07030f39f5c40fcf28b53f28ed9\spring-boot-starter-oauth2-client-3.0.10-SNAPSHOT.jar;C:\Users\JVL\.gradle\caches\modules-2\files-2.1\org.springframework.boot\spring-boot-starter-security\3.0.10-SNAPSHOT\be6f8363a1aa79a83fe0d5e5f8292be89e4483ed\spring-boot-starter-security-3.0.10-SNAPSHOT.jar;C:\Users\JVL\.gradle\caches\modules-2\files-2.1\org.springframework.security\spring-security-test\6.0.6\a1c1750cac5dcb2fcb8ae68eec785359f356375\spring-security-test-6.0.6.jar;C:\Users\JVL\.gradle\caches\modules-2\files-2.1\org.springframework.boot\spring-boot-starter-validation\3.0.10-SNAPSHOT\10872b7244d60fb1e281f6cb60da0373f6681c0a\spring-boot-starter-validation-3.0.10-SNAPSHOT.jar;C:\Users\JVL\.gradle\caches\modules-2\files-2.1\org.springframework.boot\spring-boot-starter-web\3.0.10-SNAPSHOT\cf75afb28a6cca658ee3596d04e777799fc4a364\spring-boot-starter-web-3.0.10-SNAPSHOT.jar;C:\Users\JVL\.gradle\caches\modules-2\files-2.1\org.mybatis.spring.boot\mybatis-spring-boot-starter\3.0.2\ce77d2e35909ee4dc2d4371f18b7d2b937f2883e\mybatis-spring-boot-starter-3.0.2.jar;C:\Users\JVL\.gradle\caches\modules-2\files-2.1\org.mariadb.jdbc\mariadb-java-client\3.1.4\7f66d1f5afcacdb11ba34d2614933a206afbcff2\mariadb-java-client-3.1.4.
Launcher Type: SUN_STANDARD

[Global flags]
     intx CICompilerCount                          = 12                                        {product} {ergonomic}
     uint ConcGCThreads                            = 5                                         {product} {ergonomic}
     uint G1ConcRefinementThreads                  = 18                                        {product} {ergonomic}
   size_t G1HeapRegionSize                         = 4194304                                   {product} {ergonomic}
    uintx GCDrainStackTargetSize                   = 64                                        {product} {ergonomic}
   size_t InitialHeapSize                          = 536870912                                 {product} {ergonomic}
   size_t MarkStackSize                            = 4194304                                   {product} {ergonomic}
   size_t MaxHeapSize                              = 8543797248                                {product} {ergonomic}
   size_t MaxNewSize                               = 5125439488                                {product} {ergonomic}
   size_t MinHeapDeltaBytes                        = 4194304                                   {product} {ergonomic}
   size_t MinHeapSize                              = 8388608                                   {product} {ergonomic}
    uintx NonNMethodCodeHeapSize                   = 7602480                                {pd product} {ergonomic}
    uintx NonProfiledCodeHeapSize                  = 122027880                              {pd product} {ergonomic}
    uintx ProfiledCodeHeapSize                     = 122027880                              {pd product} {ergonomic}
    uintx ReservedCodeCacheSize                    = 251658240                              {pd product} {ergonomic}
     bool SegmentedCodeCache                       = true                                      {product} {ergonomic}
   size_t SoftMaxHeapSize                          = 8543797248                             {manageable} {ergonomic}
     bool UseCompressedClassPointers               = true                           {product lp64_product} {ergonomic}
     bool UseCompressedOops                        = true                           {product lp64_product} {ergonomic}
     bool UseG1GC                                  = true                                      {product} {ergonomic}
     bool UseLargePagesIndividualAllocation        = false                                  {pd product} {ergonomic}

Logging:
Log output configuration:
 #0: stdout all=warning uptime,level,tags
 #1: stderr all=off uptime,level,tags

Environment Variables:
JAVA_HOME=C:\Program Files\Java\jdk-8.0.362.9-hotspot\
PATH=C:\app\JVL\product\21c\dbhomeXE\bin;C:\Program Files\Common Files\Oracle\Java\javapath;C:\Program Files\Java\jdk-8.0.362.9-hotspot\bin;C:\Program Files (x86)\Common Files\Intel\Shared Libraries\redist\intel64\compiler;C:\Program Files (x86)\Common Files\Intel\Shared Libraries\redist\ia32\compiler;C:\Windows\system32;C:\Windows;C:\Windows\System32\Wbem;C:\Windows\System32\WindowsPowerShell\v1.0\;C:\Windows\System32\OpenSSH\;C:\Program Files\Bandizip\;C:\Program Files\nodejs\;C:\Program Files (x86)\NVIDIA Corporation\PhysX\Common;C:\Program Files\Git\cmd;C:\Program Files\TortoiseGit\bin;C:\Python311\Scripts\;C:\Python311\;C:\Users\JVL\AppData\Local\Microsoft\WindowsApps;;C:\Users\JVL\AppData\Local\Programs\Microsoft VS Code\bin;C:\Program Files\JetBrains\IntelliJ IDEA Community Edition 2022.3.2\bin;;C:\Users\JVL\AppData\Roaming\npm
USERNAME=JVL
OS=Windows_NT
PROCESSOR_IDENTIFIER=Intel64 Family 6 Model 183 Stepping 1, GenuineIntel



---------------  S Y S T E M  ---------------

OS:
 Windows 10 , 64 bit Build 19041 (10.0.19041.3155)
OS uptime: 0 days 6:42 hours

CPU: total 24 (initial active 24) (12 cores per cpu, 2 threads per core) family 6 model 183 stepping 1 microcode 0x10c, cx8, cmov, fxsr, ht, mmx, 3dnowpref, sse, sse2, sse3, ssse3, sse4.1, sse4.2, popcnt, lzcnt, tsc, tscinvbit, avx, avx2, aes, erms, clmul, bmi1, bmi2, adx, sha, fma, vzeroupper, clflush, clflushopt, clwb

Memory: 4k page, system-wide physical 32580M (18268M free)
TotalPageFile size 37444M (AvailPageFile size 18520M)
current process WorkingSet (physical memory assigned to process): 401M, peak: 485M
current process commit charge ("private bytes"): 556M, peak: 705M

vm_info: Java HotSpot(TM) 64-Bit Server VM (17.0.6+9-LTS-190) for windows-amd64 JRE (17.0.6+9-LTS-190), built on Dec  6 2022 15:53:54 by "mach5one" with MS VC++ 17.1 (VS2022)

END.
